1534905289270	geckodriver	INFO	geckodriver 0.21.0
1534905289284	geckodriver	INFO	Listening on 127.0.0.1:60009
1534905289698	mozrunner::runner	INFO	Running command: "/Applications/Firefox.app/Contents/MacOS/firefox-bin" "-marionette" "-foreground" "-no-remote" "-profile" "/var/folders/zg/lfdkb6f90lxc4hywz681rfq80000gn/T/rust_mozprofile.sVcOR9vD6IO4"
2018-08-22 10:34:51.513 plugin-container[13281:6087023] *** CFMessagePort: bootstrap_register(): failed 1100 (0x44c) 'Permission denied', port = 0x9b3f, name = 'com.apple.tsm.portname'
See /usr/include/servers/bootstrap_defs.h for the error codes.
2018-08-22 10:34:51.870 plugin-container[13282:6087056] *** CFMessagePort: bootstrap_register(): failed 1100 (0x44c) 'Permission denied', port = 0x9937, name = 'com.apple.tsm.portname'
See /usr/include/servers/bootstrap_defs.h for the error codes.
1534905292176	Marionette	INFO	Listening on port 60018
1534905292261	Marionette	WARN	TLS certificate errors will be ignored for this session
2018-08-22 10:34:52.741 plugin-container[13283:6087172] *** CFMessagePort: bootstrap_register(): failed 1100 (0x44c) 'Permission denied', port = 0x963b, name = 'com.apple.tsm.portname'
See /usr/include/servers/bootstrap_defs.h for the error codes.
[GFX1-]: Receive IPC close with reason=AbnormalShutdown
[Child 13281, Chrome_ChildThread] WARNING: pipe error: Broken pipe: file /builds/worker/workspace/build/src/ipc/chromium/src/chrome/common/ipc_channel_posix.cc, line 709
1534905800861	geckodriver	INFO	geckodriver 0.21.0
1534905800865	geckodriver	INFO	Listening on 127.0.0.1:60239
1534905801285	mozrunner::runner	INFO	Running command: "/Applications/Firefox.app/Contents/MacOS/firefox-bin" "-marionette" "-foreground" "-no-remote" "-profile" "/var/folders/zg/lfdkb6f90lxc4hywz681rfq80000gn/T/rust_mozprofile.d3texMyVSoeW"
2018-08-22 10:43:22.633 plugin-container[13344:6100930] *** CFMessagePort: bootstrap_register(): failed 1100 (0x44c) 'Permission denied', port = 0x9d3f, name = 'com.apple.tsm.portname'
See /usr/include/servers/bootstrap_defs.h for the error codes.
2018-08-22 10:43:22.802 plugin-container[13345:6100954] *** CFMessagePort: bootstrap_register(): failed 1100 (0x44c) 'Permission denied', port = 0x983f, name = 'com.apple.tsm.portname'
See /usr/include/servers/bootstrap_defs.h for the error codes.
1534905803034	Marionette	INFO	Listening on port 60248
1534905803090	Marionette	WARN	TLS certificate errors will be ignored for this session
2018-08-22 10:43:23.675 plugin-container[13346:6101079] *** CFMessagePort: bootstrap_register(): failed 1100 (0x44c) 'Permission denied', port = 0x963b, name = 'com.apple.tsm.portname'
See /usr/include/servers/bootstrap_defs.h for the error codes.
[GFX1-]: Receive IPC close with reason=AbnormalShutdown
[Child 13346, Chrome_ChildThread] WARNING: pipe error: Broken pipe: file /builds/worker/workspace/build/src/ipc/chromium/src/chrome/common/ipc_channel_posix.cc, line 709
